********  Started TC001_Get_All_Employees  **********
***********  Checking Content Encoding  ***********
Content Encoding is===>gzip
***********  Checking Content Length  ***********
Response Time is===>595
***********  Checking Content Encoding  ***********
Content Type is===>application/json;charset=utf-8
***********  Checking Cookies  ***********
Response Body is===>{"status":"success","data":[{"id":"1","employee_name":"Tiger Nixon","employee_salary":"320800","employee_age":"61","profile_image":""},{"id":"2","employee_name":"Garrett Winters","employee_salary":"170750","employee_age":"63","profile_image":""},{"id":"3","employee_name":"Ashton Cox","employee_salary":"86000","employee_age":"66","profile_image":""},{"id":"4","employee_name":"Cedric Kelly","employee_salary":"433060","employee_age":"22","profile_image":""},{"id":"5","employee_name":"Airi Satou","employee_salary":"162700","employee_age":"33","profile_image":""},{"id":"6","employee_name":"Brielle Williamson","employee_salary":"372000","employee_age":"61","profile_image":""},{"id":"7","employee_name":"Herrod Chandler","employee_salary":"137500","employee_age":"59","profile_image":""},{"id":"8","employee_name":"Rhona Davidson","employee_salary":"327900","employee_age":"55","profile_image":""},{"id":"9","employee_name":"Colleen Hurst","employee_salary":"205500","employee_age":"39","profile_image":""},{"id":"10","employee_name":"Sonya Frost","employee_salary":"103600","employee_age":"23","profile_image":""},{"id":"11","employee_name":"Jena Gaines","employee_salary":"90560","employee_age":"30","profile_image":""},{"id":"12","employee_name":"Quinn Flynn","employee_salary":"342000","employee_age":"22","profile_image":""},{"id":"13","employee_name":"Charde Marshall","employee_salary":"470600","employee_age":"36","profile_image":""},{"id":"14","employee_name":"Haley Kennedy","employee_salary":"313500","employee_age":"43","profile_image":""},{"id":"15","employee_name":"Tatyana Fitzpatrick","employee_salary":"385750","employee_age":"19","profile_image":""},{"id":"16","employee_name":"Michael Silva","employee_salary":"198500","employee_age":"66","profile_image":""},{"id":"17","employee_name":"Paul Byrd","employee_salary":"725000","employee_age":"64","profile_image":""},{"id":"18","employee_name":"Gloria Little","employee_salary":"237500","employee_age":"59","profile_image":""},{"id":"19","employee_name":"Bradley Greer","employee_salary":"132000","employee_age":"41","profile_image":""},{"id":"20","employee_name":"Dai Rios","employee_salary":"217500","employee_age":"35","profile_image":""},{"id":"21","employee_name":"Jenette Caldwell","employee_salary":"345000","employee_age":"30","profile_image":""},{"id":"22","employee_name":"Yuri Berry","employee_salary":"675000","employee_age":"40","profile_image":""},{"id":"23","employee_name":"Caesar Vance","employee_salary":"106450","employee_age":"21","profile_image":""},{"id":"24","employee_name":"Doris Wilder","employee_salary":"85600","employee_age":"23","profile_image":""}]}
***********  Checking Status Time  ***********
Response Time is===>1907
***********  Checking Server Type  ***********
Server Type is===>nginx/1.16.0
*********** Checking Status Code  ***********
Status Code is===>200
***********  Checking Status Line  ***********
Status Line is===>HTTP/1.1 200 OK
***********  Finished TC001_Get_All_Employees  ***********
********  Started TC001_Get_All_Employees  **********
***********  Checking Content Encoding  ***********
Content Encoding is===>gzip
***********  Checking Content Length  ***********
Response Time is===>595
***********  Checking Content Encoding  ***********
Content Type is===>application/json;charset=utf-8
***********  Checking Cookies  ***********
Response Body is===>{"status":"success","data":[{"id":"1","employee_name":"Tiger Nixon","employee_salary":"320800","employee_age":"61","profile_image":""},{"id":"2","employee_name":"Garrett Winters","employee_salary":"170750","employee_age":"63","profile_image":""},{"id":"3","employee_name":"Ashton Cox","employee_salary":"86000","employee_age":"66","profile_image":""},{"id":"4","employee_name":"Cedric Kelly","employee_salary":"433060","employee_age":"22","profile_image":""},{"id":"5","employee_name":"Airi Satou","employee_salary":"162700","employee_age":"33","profile_image":""},{"id":"6","employee_name":"Brielle Williamson","employee_salary":"372000","employee_age":"61","profile_image":""},{"id":"7","employee_name":"Herrod Chandler","employee_salary":"137500","employee_age":"59","profile_image":""},{"id":"8","employee_name":"Rhona Davidson","employee_salary":"327900","employee_age":"55","profile_image":""},{"id":"9","employee_name":"Colleen Hurst","employee_salary":"205500","employee_age":"39","profile_image":""},{"id":"10","employee_name":"Sonya Frost","employee_salary":"103600","employee_age":"23","profile_image":""},{"id":"11","employee_name":"Jena Gaines","employee_salary":"90560","employee_age":"30","profile_image":""},{"id":"12","employee_name":"Quinn Flynn","employee_salary":"342000","employee_age":"22","profile_image":""},{"id":"13","employee_name":"Charde Marshall","employee_salary":"470600","employee_age":"36","profile_image":""},{"id":"14","employee_name":"Haley Kennedy","employee_salary":"313500","employee_age":"43","profile_image":""},{"id":"15","employee_name":"Tatyana Fitzpatrick","employee_salary":"385750","employee_age":"19","profile_image":""},{"id":"16","employee_name":"Michael Silva","employee_salary":"198500","employee_age":"66","profile_image":""},{"id":"17","employee_name":"Paul Byrd","employee_salary":"725000","employee_age":"64","profile_image":""},{"id":"18","employee_name":"Gloria Little","employee_salary":"237500","employee_age":"59","profile_image":""},{"id":"19","employee_name":"Bradley Greer","employee_salary":"132000","employee_age":"41","profile_image":""},{"id":"20","employee_name":"Dai Rios","employee_salary":"217500","employee_age":"35","profile_image":""},{"id":"21","employee_name":"Jenette Caldwell","employee_salary":"345000","employee_age":"30","profile_image":""},{"id":"22","employee_name":"Yuri Berry","employee_salary":"675000","employee_age":"40","profile_image":""},{"id":"23","employee_name":"Caesar Vance","employee_salary":"106450","employee_age":"21","profile_image":""},{"id":"24","employee_name":"Doris Wilder","employee_salary":"85600","employee_age":"23","profile_image":""}]}
***********  Checking Response Time  ***********
Response Time is===>2122
Response Time greater than 2000
***********  Checking Server Type  ***********
Server Type is===>nginx/1.16.0
*********** Checking Status Code  ***********
Status Code is===>200
***********  Checking Status Line  ***********
Status Line is===>HTTP/1.1 200 OK
***********  Finished TC001_Get_All_Employees  ***********
********  Started TC001_Get_All_Employees  **********
***********  Checking Content Encoding  ***********
Content Encoding is===>gzip
***********  Checking Content Length  ***********
Response Time is===>595
***********  Checking Content Encoding  ***********
Content Type is===>application/json;charset=utf-8
***********  Checking Cookies  ***********
Response Body is===>{"status":"success","data":[{"id":"1","employee_name":"Tiger Nixon","employee_salary":"320800","employee_age":"61","profile_image":""},{"id":"2","employee_name":"Garrett Winters","employee_salary":"170750","employee_age":"63","profile_image":""},{"id":"3","employee_name":"Ashton Cox","employee_salary":"86000","employee_age":"66","profile_image":""},{"id":"4","employee_name":"Cedric Kelly","employee_salary":"433060","employee_age":"22","profile_image":""},{"id":"5","employee_name":"Airi Satou","employee_salary":"162700","employee_age":"33","profile_image":""},{"id":"6","employee_name":"Brielle Williamson","employee_salary":"372000","employee_age":"61","profile_image":""},{"id":"7","employee_name":"Herrod Chandler","employee_salary":"137500","employee_age":"59","profile_image":""},{"id":"8","employee_name":"Rhona Davidson","employee_salary":"327900","employee_age":"55","profile_image":""},{"id":"9","employee_name":"Colleen Hurst","employee_salary":"205500","employee_age":"39","profile_image":""},{"id":"10","employee_name":"Sonya Frost","employee_salary":"103600","employee_age":"23","profile_image":""},{"id":"11","employee_name":"Jena Gaines","employee_salary":"90560","employee_age":"30","profile_image":""},{"id":"12","employee_name":"Quinn Flynn","employee_salary":"342000","employee_age":"22","profile_image":""},{"id":"13","employee_name":"Charde Marshall","employee_salary":"470600","employee_age":"36","profile_image":""},{"id":"14","employee_name":"Haley Kennedy","employee_salary":"313500","employee_age":"43","profile_image":""},{"id":"15","employee_name":"Tatyana Fitzpatrick","employee_salary":"385750","employee_age":"19","profile_image":""},{"id":"16","employee_name":"Michael Silva","employee_salary":"198500","employee_age":"66","profile_image":""},{"id":"17","employee_name":"Paul Byrd","employee_salary":"725000","employee_age":"64","profile_image":""},{"id":"18","employee_name":"Gloria Little","employee_salary":"237500","employee_age":"59","profile_image":""},{"id":"19","employee_name":"Bradley Greer","employee_salary":"132000","employee_age":"41","profile_image":""},{"id":"20","employee_name":"Dai Rios","employee_salary":"217500","employee_age":"35","profile_image":""},{"id":"21","employee_name":"Jenette Caldwell","employee_salary":"345000","employee_age":"30","profile_image":""},{"id":"22","employee_name":"Yuri Berry","employee_salary":"675000","employee_age":"40","profile_image":""},{"id":"23","employee_name":"Caesar Vance","employee_salary":"106450","employee_age":"21","profile_image":""},{"id":"24","employee_name":"Doris Wilder","employee_salary":"85600","employee_age":"23","profile_image":""}]}
***********  Checking Response Time  ***********
Response Time is===>1832
***********  Checking Server Type  ***********
Server Type is===>nginx/1.16.0
*********** Checking Status Code  ***********
Status Code is===>200
***********  Checking Status Line  ***********
Status Line is===>HTTP/1.1 200 OK
***********  Finished TC001_Get_All_Employees  ***********
********  Started TC001_Get_All_Employees  **********
***********  Checking Content Encoding  ***********
Content Encoding is===>gzip
***********  Checking Content Length  ***********
Response Time is===>595
***********  Checking Content Encoding  ***********
Content Type is===>application/json;charset=utf-8
***********  Checking Cookies  ***********
Response Body is===>{"status":"success","data":[{"id":"1","employee_name":"Tiger Nixon","employee_salary":"320800","employee_age":"61","profile_image":""},{"id":"2","employee_name":"Garrett Winters","employee_salary":"170750","employee_age":"63","profile_image":""},{"id":"3","employee_name":"Ashton Cox","employee_salary":"86000","employee_age":"66","profile_image":""},{"id":"4","employee_name":"Cedric Kelly","employee_salary":"433060","employee_age":"22","profile_image":""},{"id":"5","employee_name":"Airi Satou","employee_salary":"162700","employee_age":"33","profile_image":""},{"id":"6","employee_name":"Brielle Williamson","employee_salary":"372000","employee_age":"61","profile_image":""},{"id":"7","employee_name":"Herrod Chandler","employee_salary":"137500","employee_age":"59","profile_image":""},{"id":"8","employee_name":"Rhona Davidson","employee_salary":"327900","employee_age":"55","profile_image":""},{"id":"9","employee_name":"Colleen Hurst","employee_salary":"205500","employee_age":"39","profile_image":""},{"id":"10","employee_name":"Sonya Frost","employee_salary":"103600","employee_age":"23","profile_image":""},{"id":"11","employee_name":"Jena Gaines","employee_salary":"90560","employee_age":"30","profile_image":""},{"id":"12","employee_name":"Quinn Flynn","employee_salary":"342000","employee_age":"22","profile_image":""},{"id":"13","employee_name":"Charde Marshall","employee_salary":"470600","employee_age":"36","profile_image":""},{"id":"14","employee_name":"Haley Kennedy","employee_salary":"313500","employee_age":"43","profile_image":""},{"id":"15","employee_name":"Tatyana Fitzpatrick","employee_salary":"385750","employee_age":"19","profile_image":""},{"id":"16","employee_name":"Michael Silva","employee_salary":"198500","employee_age":"66","profile_image":""},{"id":"17","employee_name":"Paul Byrd","employee_salary":"725000","employee_age":"64","profile_image":""},{"id":"18","employee_name":"Gloria Little","employee_salary":"237500","employee_age":"59","profile_image":""},{"id":"19","employee_name":"Bradley Greer","employee_salary":"132000","employee_age":"41","profile_image":""},{"id":"20","employee_name":"Dai Rios","employee_salary":"217500","employee_age":"35","profile_image":""},{"id":"21","employee_name":"Jenette Caldwell","employee_salary":"345000","employee_age":"30","profile_image":""},{"id":"22","employee_name":"Yuri Berry","employee_salary":"675000","employee_age":"40","profile_image":""},{"id":"23","employee_name":"Caesar Vance","employee_salary":"106450","employee_age":"21","profile_image":""},{"id":"24","employee_name":"Doris Wilder","employee_salary":"85600","employee_age":"23","profile_image":""}]}
***********  Checking Response Time  ***********
Response Time is===>2371
Response Time greater than 2000
***********  Checking Server Type  ***********
Server Type is===>nginx/1.16.0
*********** Checking Status Code  ***********
Status Code is===>200
***********  Checking Status Line  ***********
Status Line is===>HTTP/1.1 200 OK
***********  Finished TC001_Get_All_Employees  ***********
***********  Checking Content Encoding  ***********
***********  Checking Content Length  ***********
***********  Checking Content Encoding  ***********
***********  Checking Response Time  ***********
***********  Checking Server Type  ***********
*********** Checking Status Code  ***********
***********  Checking Status Line  ***********
***********  Finished TC001_Get_All_Employees  ***********
***********  Checking Content Encoding  ***********
***********  Checking Content Length  ***********
***********  Checking Content Encoding  ***********
***********  Checking Response Time  ***********
***********  Checking Server Type  ***********
*********** Checking Status Code  ***********
***********  Checking Status Line  ***********
***********  Finished TC001_Get_All_Employees  ***********
***********  Checking Content Encoding  ***********
***********  Checking Content Length  ***********
***********  Checking Content Encoding  ***********
***********  Checking Response Time  ***********
***********  Checking Server Type  ***********
*********** Checking Status Code  ***********
***********  Checking Status Line  ***********
***********  Finished TC001_Get_All_Employees  ***********
********  Started TC001_Get_All_Employees  **********
***********  Checking Content Encoding  ***********
Content Encoding is===>gzip
***********  Checking Content Length  ***********
Response Time is===>595
***********  Checking Content Encoding  ***********
Content Type is===>application/json;charset=utf-8
***********  Checking Cookies  ***********
Response Body is===>{"status":"success","data":[{"id":"1","employee_name":"Tiger Nixon","employee_salary":"320800","employee_age":"61","profile_image":""},{"id":"2","employee_name":"Garrett Winters","employee_salary":"170750","employee_age":"63","profile_image":""},{"id":"3","employee_name":"Ashton Cox","employee_salary":"86000","employee_age":"66","profile_image":""},{"id":"4","employee_name":"Cedric Kelly","employee_salary":"433060","employee_age":"22","profile_image":""},{"id":"5","employee_name":"Airi Satou","employee_salary":"162700","employee_age":"33","profile_image":""},{"id":"6","employee_name":"Brielle Williamson","employee_salary":"372000","employee_age":"61","profile_image":""},{"id":"7","employee_name":"Herrod Chandler","employee_salary":"137500","employee_age":"59","profile_image":""},{"id":"8","employee_name":"Rhona Davidson","employee_salary":"327900","employee_age":"55","profile_image":""},{"id":"9","employee_name":"Colleen Hurst","employee_salary":"205500","employee_age":"39","profile_image":""},{"id":"10","employee_name":"Sonya Frost","employee_salary":"103600","employee_age":"23","profile_image":""},{"id":"11","employee_name":"Jena Gaines","employee_salary":"90560","employee_age":"30","profile_image":""},{"id":"12","employee_name":"Quinn Flynn","employee_salary":"342000","employee_age":"22","profile_image":""},{"id":"13","employee_name":"Charde Marshall","employee_salary":"470600","employee_age":"36","profile_image":""},{"id":"14","employee_name":"Haley Kennedy","employee_salary":"313500","employee_age":"43","profile_image":""},{"id":"15","employee_name":"Tatyana Fitzpatrick","employee_salary":"385750","employee_age":"19","profile_image":""},{"id":"16","employee_name":"Michael Silva","employee_salary":"198500","employee_age":"66","profile_image":""},{"id":"17","employee_name":"Paul Byrd","employee_salary":"725000","employee_age":"64","profile_image":""},{"id":"18","employee_name":"Gloria Little","employee_salary":"237500","employee_age":"59","profile_image":""},{"id":"19","employee_name":"Bradley Greer","employee_salary":"132000","employee_age":"41","profile_image":""},{"id":"20","employee_name":"Dai Rios","employee_salary":"217500","employee_age":"35","profile_image":""},{"id":"21","employee_name":"Jenette Caldwell","employee_salary":"345000","employee_age":"30","profile_image":""},{"id":"22","employee_name":"Yuri Berry","employee_salary":"675000","employee_age":"40","profile_image":""},{"id":"23","employee_name":"Caesar Vance","employee_salary":"106450","employee_age":"21","profile_image":""},{"id":"24","employee_name":"Doris Wilder","employee_salary":"85600","employee_age":"23","profile_image":""}]}
***********  Checking Response Time  ***********
Response Time is===>1196
***********  Checking Server Type  ***********
Server Type is===>nginx/1.16.0
*********** Checking Status Code  ***********
Status Code is===>200
***********  Checking Status Line  ***********
Status Line is===>HTTP/1.1 200 OK
***********  Finished TC001_Get_All_Employees  ***********
***********  Checking Content Encoding  ***********
***********  Checking Content Length  ***********
***********  Checking Content Encoding  ***********
***********  Checking Response Time  ***********
***********  Checking Server Type  ***********
*********** Checking Status Code  ***********
***********  Checking Status Line  ***********
***********  Finished TC001_Get_All_Employees  ***********
***********  Checking Content Encoding  ***********
***********  Checking Content Length  ***********
***********  Checking Content Encoding  ***********
***********  Checking Response Time  ***********
***********  Checking Server Type  ***********
*********** Checking Status Code  ***********
***********  Checking Status Line  ***********
***********  Finished TC001_Get_All_Employees  ***********
********  Started TC003_POST_Employee_Record  **********
***********  Checking Content Encoding  ***********
Content Encoding is===>null
***********  Checking Content Length  ***********
Response Time is===>74
***********  Checking Content Encoding  ***********
Content Type is===>application/json;charset=utf-8
Response Body is===>{"status":"success","data":{"name":null,"salary":null,"age":null,"id":96}}
***********  Checking Response Time  ***********
Response Time is===>2468
***********  Checking Server Type  ***********
Server Type is===>nginx/1.16.0
*********** Checking Status Code  ***********
Status Code is===>200
***********  Checking Status Line  ***********
Status Line is===>HTTP/1.1 200 OK
***********  Finished TC001_Get_All_Employees  ***********
********  Started TC003_POST_Employee_Record  **********
***********  Checking Content Length  ***********
Response Time is===>74
***********  Checking Content Encoding  ***********
Content Type is===>application/json;charset=utf-8
Response Body is===>{"status":"success","data":{"name":null,"salary":null,"age":null,"id":80}}
***********  Checking Response Time  ***********
Response Time is===>2342
***********  Checking Server Type  ***********
Server Type is===>nginx/1.16.0
*********** Checking Status Code  ***********
Status Code is===>200
***********  Checking Status Line  ***********
Status Line is===>HTTP/1.1 200 OK
***********  Finished TC003_POST_Employee_Record  ***********
********  Started TC003_POST_Employee_Record  **********
***********  Checking Content Length  ***********
Response Time is===>74
***********  Checking Content Encoding  ***********
Content Type is===>application/json;charset=utf-8
Response Body is===>{"status":"success","data":{"name":null,"salary":null,"age":null,"id":72}}
***********  Checking Response Time  ***********
Response Time is===>2846
***********  Checking Server Type  ***********
Server Type is===>nginx/1.16.0
*********** Checking Status Code  ***********
Status Code is===>200
***********  Checking Status Line  ***********
Status Line is===>HTTP/1.1 200 OK
***********  Finished TC003_POST_Employee_Record  ***********
********  Started TC003_POST_Employee_Record  **********
********  Started TC003_POST_Employee_Record  **********
***********  Checking Content Length  ***********
Response Time is===>74
***********  Checking Content Encoding  ***********
Content Type is===>application/json;charset=utf-8
Response Body is===>{"status":"success","data":{"name":null,"salary":null,"age":null,"id":29}}
***********  Checking Response Time  ***********
Response Time is===>1934
***********  Checking Server Type  ***********
Server Type is===>nginx/1.16.0
*********** Checking Status Code  ***********
Status Code is===>200
***********  Checking Status Line  ***********
Status Line is===>HTTP/1.1 200 OK
***********  Finished TC003_POST_Employee_Record  ***********
********  Started TC003_POST_Employee_Record  **********
***********  Checking Content Length  ***********
Response Time is===>74
***********  Checking Content Encoding  ***********
Content Type is===>application/json;charset=utf-8
Response Body is===>{"status":"success","data":{"name":null,"salary":null,"age":null,"id":90}}
***********  Checking Response Time  ***********
Response Time is===>2129
***********  Checking Server Type  ***********
Server Type is===>nginx/1.16.0
*********** Checking Status Code  ***********
Status Code is===>200
***********  Checking Status Line  ***********
Status Line is===>HTTP/1.1 200 OK
***********  Finished TC003_POST_Employee_Record  ***********
********  Started TC003_POST_Employee_Record  **********
***********  Checking Content Length  ***********
Response Time is===>74
***********  Checking Content Encoding  ***********
Content Type is===>application/json;charset=utf-8
Response Body is===>{"status":"success","data":{"name":null,"salary":null,"age":null,"id":51}}
***********  Checking Response Time  ***********
Response Time is===>2060
***********  Checking Server Type  ***********
Server Type is===>nginx/1.16.0
*********** Checking Status Code  ***********
Status Code is===>200
***********  Checking Status Line  ***********
Status Line is===>HTTP/1.1 200 OK
***********  Finished TC003_POST_Employee_Record  ***********
********  Started TC003_POST_Employee_Record  **********
***********  Checking Content Length  ***********
Response Time is===>74
***********  Checking Content Encoding  ***********
Content Type is===>application/json;charset=utf-8
Response Body is===>{"status":"success","data":{"name":null,"salary":null,"age":null,"id":87}}
***********  Checking Response Time  ***********
Response Time is===>2515
***********  Checking Server Type  ***********
Server Type is===>nginx/1.16.0
*********** Checking Status Code  ***********
Status Code is===>200
***********  Checking Status Line  ***********
Status Line is===>HTTP/1.1 200 OK
***********  Finished TC003_POST_Employee_Record  ***********
********  Started TC003_POST_Employee_Record  **********
***********  Checking Content Length  ***********
Response Time is===>74
***********  Checking Content Encoding  ***********
Content Type is===>application/json;charset=utf-8
Response Body is===>{"status":"success","data":{"name":null,"salary":null,"age":null,"id":89}}
***********  Checking Response Time  ***********
Response Time is===>2089
***********  Checking Server Type  ***********
Server Type is===>nginx/1.16.0
*********** Checking Status Code  ***********
Status Code is===>200
***********  Checking Status Line  ***********
Status Line is===>HTTP/1.1 200 OK
***********  Finished TC003_POST_Employee_Record  ***********
********  Started TC002_Get_Single_Employee_Record  **********
***********  Checking Content Encoding  ***********
***********  Checking Content Length  ***********
***********  Checking Content Encoding  ***********
***********  Checking Response Time  ***********
***********  Checking Server Type  ***********
*********** Checking Status Code  ***********
***********  Checking Status Line  ***********
***********  Finished TC001_Get_All_Employees  ***********
********  Started TC003_POST_Employee_Record  **********
***********  Checking Content Length  ***********
Response Time is===>74
***********  Checking Content Encoding  ***********
Content Type is===>application/json;charset=utf-8
Response Body is===>{"status":"success","data":{"name":null,"salary":null,"age":null,"id":91}}
***********  Checking Response Time  ***********
Response Time is===>2313
***********  Checking Server Type  ***********
Server Type is===>nginx/1.16.0
*********** Checking Status Code  ***********
Status Code is===>200
***********  Checking Status Line  ***********
Status Line is===>HTTP/1.1 200 OK
***********  Finished TC003_POST_Employee_Record  ***********
********  Started TC003_POST_Employee_Record  **********
***********  Checking Content Length  ***********
Response Time is===>74
***********  Checking Content Encoding  ***********
Content Type is===>application/json;charset=utf-8
Response Body is===>{"status":"success","data":{"name":null,"salary":null,"age":null,"id":40}}
***********  Checking Response Time  ***********
Response Time is===>3235
***********  Checking Server Type  ***********
Server Type is===>nginx/1.16.0
*********** Checking Status Code  ***********
Status Code is===>200
***********  Checking Status Line  ***********
Status Line is===>HTTP/1.1 200 OK
***********  Finished TC003_POST_Employee_Record  ***********
********  Started TC003_POST_Employee_Record  **********
********  Started TC003_POST_Employee_Record  **********
***********  Checking Content Length  ***********
Response Time is===>74
***********  Checking Content Encoding  ***********
Content Type is===>application/json;charset=utf-8
Response Body is===>{"status":"success","data":{"name":null,"salary":null,"age":null,"id":31}}
***********  Checking Response Time  ***********
Response Time is===>2629
***********  Checking Server Type  ***********
Server Type is===>nginx/1.16.0
*********** Checking Status Code  ***********
Status Code is===>200
***********  Checking Status Line  ***********
Status Line is===>HTTP/1.1 200 OK
***********  Finished TC003_POST_Employee_Record  ***********
********  Started TC003_POST_Employee_Record  **********
***********  Checking Content Length  ***********
Response Time is===>74
***********  Checking Content Encoding  ***********
Content Type is===>application/json;charset=utf-8
Response Body is===>{"status":"success","data":{"name":null,"salary":null,"age":null,"id":68}}
***********  Checking Response Time  ***********
Response Time is===>2303
***********  Checking Server Type  ***********
Server Type is===>nginx/1.16.0
*********** Checking Status Code  ***********
Status Code is===>200
***********  Checking Status Line  ***********
Status Line is===>HTTP/1.1 200 OK
***********  Finished TC003_POST_Employee_Record  ***********
********  Started TC003_POST_Employee_Record  **********
***********  Checking Content Length  ***********
Response Time is===>74
***********  Checking Content Encoding  ***********
Content Type is===>application/json;charset=utf-8
Response Body is===>{"status":"success","data":{"name":null,"salary":null,"age":null,"id":33}}
***********  Checking Response Time  ***********
Response Time is===>3182
***********  Checking Server Type  ***********
Server Type is===>nginx/1.16.0
*********** Checking Status Code  ***********
Status Code is===>200
***********  Checking Status Line  ***********
Status Line is===>HTTP/1.1 200 OK
***********  Finished TC003_POST_Employee_Record  ***********
********  Started TC003_POST_Employee_Record  **********
***********  Checking Content Length  ***********
Response Time is===>32
***********  Checking Content Encoding  ***********
Content Type is===>application/json;charset=utf-8
Response Body is===>{"status":"success","data":null}
***********  Checking Response Time  ***********
Response Time is===>2611
***********  Checking Server Type  ***********
Server Type is===>nginx/1.16.0
*********** Checking Status Code  ***********
Status Code is===>200
***********  Checking Status Line  ***********
Status Line is===>HTTP/1.1 200 OK
***********  Finished TC003_POST_Employee_Record  ***********
********  Started TC003_POST_Employee_Record  **********
********  Started TC001_Get_All_Employees  **********
***********  Checking Content Encoding  ***********
Content Encoding is===>gzip
***********  Checking Content Length  ***********
Response Time is===>595
***********  Checking Content Encoding  ***********
Content Type is===>application/json;charset=utf-8
***********  Checking Cookies  ***********
Response Body is===>{"status":"success","data":[{"id":"1","employee_name":"Tiger Nixon","employee_salary":"320800","employee_age":"61","profile_image":""},{"id":"2","employee_name":"Garrett Winters","employee_salary":"170750","employee_age":"63","profile_image":""},{"id":"3","employee_name":"Ashton Cox","employee_salary":"86000","employee_age":"66","profile_image":""},{"id":"4","employee_name":"Cedric Kelly","employee_salary":"433060","employee_age":"22","profile_image":""},{"id":"5","employee_name":"Airi Satou","employee_salary":"162700","employee_age":"33","profile_image":""},{"id":"6","employee_name":"Brielle Williamson","employee_salary":"372000","employee_age":"61","profile_image":""},{"id":"7","employee_name":"Herrod Chandler","employee_salary":"137500","employee_age":"59","profile_image":""},{"id":"8","employee_name":"Rhona Davidson","employee_salary":"327900","employee_age":"55","profile_image":""},{"id":"9","employee_name":"Colleen Hurst","employee_salary":"205500","employee_age":"39","profile_image":""},{"id":"10","employee_name":"Sonya Frost","employee_salary":"103600","employee_age":"23","profile_image":""},{"id":"11","employee_name":"Jena Gaines","employee_salary":"90560","employee_age":"30","profile_image":""},{"id":"12","employee_name":"Quinn Flynn","employee_salary":"342000","employee_age":"22","profile_image":""},{"id":"13","employee_name":"Charde Marshall","employee_salary":"470600","employee_age":"36","profile_image":""},{"id":"14","employee_name":"Haley Kennedy","employee_salary":"313500","employee_age":"43","profile_image":""},{"id":"15","employee_name":"Tatyana Fitzpatrick","employee_salary":"385750","employee_age":"19","profile_image":""},{"id":"16","employee_name":"Michael Silva","employee_salary":"198500","employee_age":"66","profile_image":""},{"id":"17","employee_name":"Paul Byrd","employee_salary":"725000","employee_age":"64","profile_image":""},{"id":"18","employee_name":"Gloria Little","employee_salary":"237500","employee_age":"59","profile_image":""},{"id":"19","employee_name":"Bradley Greer","employee_salary":"132000","employee_age":"41","profile_image":""},{"id":"20","employee_name":"Dai Rios","employee_salary":"217500","employee_age":"35","profile_image":""},{"id":"21","employee_name":"Jenette Caldwell","employee_salary":"345000","employee_age":"30","profile_image":""},{"id":"22","employee_name":"Yuri Berry","employee_salary":"675000","employee_age":"40","profile_image":""},{"id":"23","employee_name":"Caesar Vance","employee_salary":"106450","employee_age":"21","profile_image":""},{"id":"24","employee_name":"Doris Wilder","employee_salary":"85600","employee_age":"23","profile_image":""}]}
***********  Checking Response Time  ***********
Response Time is===>1723
***********  Checking Server Type  ***********
Server Type is===>nginx/1.16.0
*********** Checking Status Code  ***********
Status Code is===>200
***********  Checking Status Line  ***********
Status Line is===>HTTP/1.1 200 OK
***********  Finished TC001_Get_All_Employees  ***********
********  Started TC003_POST_Employee_Record  **********
***********  Checking Content Length  ***********
Response Time is===>74
***********  Checking Content Encoding  ***********
Content Type is===>application/json;charset=utf-8
Response Body is===>{"status":"success","data":{"name":null,"salary":null,"age":null,"id":59}}
***********  Checking Response Time  ***********
Response Time is===>1076
***********  Checking Server Type  ***********
Server Type is===>nginx/1.16.0
*********** Checking Status Code  ***********
Status Code is===>200
***********  Checking Status Line  ***********
Status Line is===>HTTP/1.1 200 OK
***********  Finished TC003_POST_Employee_Record  ***********
********  Started TC004_PUT_Employee_Record  **********
***********  Checking Content Length  ***********
Response Time is===>32
***********  Checking Content Encoding  ***********
Content Type is===>application/json;charset=utf-8
Response Body is===>{"status":"success","data":null}
***********  Checking Response Time  ***********
Response Time is===>932
***********  Checking Server Type  ***********
Server Type is===>nginx/1.16.0
*********** Checking Status Code  ***********
Status Code is===>200
***********  Checking Status Line  ***********
Status Line is===>HTTP/1.1 200 OK
***********  Finished TC004_PUT_Employee_Record  ***********
********  Started TC001_Get_All_Employees  **********
***********  Checking Content Encoding  ***********
Content Encoding is===>gzip
***********  Checking Content Length  ***********
Response Time is===>595
***********  Checking Content Encoding  ***********
Content Type is===>application/json;charset=utf-8
***********  Checking Cookies  ***********
Response Body is===>{"status":"success","data":[{"id":"1","employee_name":"Tiger Nixon","employee_salary":"320800","employee_age":"61","profile_image":""},{"id":"2","employee_name":"Garrett Winters","employee_salary":"170750","employee_age":"63","profile_image":""},{"id":"3","employee_name":"Ashton Cox","employee_salary":"86000","employee_age":"66","profile_image":""},{"id":"4","employee_name":"Cedric Kelly","employee_salary":"433060","employee_age":"22","profile_image":""},{"id":"5","employee_name":"Airi Satou","employee_salary":"162700","employee_age":"33","profile_image":""},{"id":"6","employee_name":"Brielle Williamson","employee_salary":"372000","employee_age":"61","profile_image":""},{"id":"7","employee_name":"Herrod Chandler","employee_salary":"137500","employee_age":"59","profile_image":""},{"id":"8","employee_name":"Rhona Davidson","employee_salary":"327900","employee_age":"55","profile_image":""},{"id":"9","employee_name":"Colleen Hurst","employee_salary":"205500","employee_age":"39","profile_image":""},{"id":"10","employee_name":"Sonya Frost","employee_salary":"103600","employee_age":"23","profile_image":""},{"id":"11","employee_name":"Jena Gaines","employee_salary":"90560","employee_age":"30","profile_image":""},{"id":"12","employee_name":"Quinn Flynn","employee_salary":"342000","employee_age":"22","profile_image":""},{"id":"13","employee_name":"Charde Marshall","employee_salary":"470600","employee_age":"36","profile_image":""},{"id":"14","employee_name":"Haley Kennedy","employee_salary":"313500","employee_age":"43","profile_image":""},{"id":"15","employee_name":"Tatyana Fitzpatrick","employee_salary":"385750","employee_age":"19","profile_image":""},{"id":"16","employee_name":"Michael Silva","employee_salary":"198500","employee_age":"66","profile_image":""},{"id":"17","employee_name":"Paul Byrd","employee_salary":"725000","employee_age":"64","profile_image":""},{"id":"18","employee_name":"Gloria Little","employee_salary":"237500","employee_age":"59","profile_image":""},{"id":"19","employee_name":"Bradley Greer","employee_salary":"132000","employee_age":"41","profile_image":""},{"id":"20","employee_name":"Dai Rios","employee_salary":"217500","employee_age":"35","profile_image":""},{"id":"21","employee_name":"Jenette Caldwell","employee_salary":"345000","employee_age":"30","profile_image":""},{"id":"22","employee_name":"Yuri Berry","employee_salary":"675000","employee_age":"40","profile_image":""},{"id":"23","employee_name":"Caesar Vance","employee_salary":"106450","employee_age":"21","profile_image":""},{"id":"24","employee_name":"Doris Wilder","employee_salary":"85600","employee_age":"23","profile_image":""}]}
***********  Checking Response Time  ***********
Response Time is===>1422
***********  Checking Server Type  ***********
Server Type is===>nginx/1.16.0
*********** Checking Status Code  ***********
Status Code is===>200
***********  Checking Status Line  ***********
Status Line is===>HTTP/1.1 200 OK
***********  Finished TC001_Get_All_Employees  ***********
********  Started TC003_POST_Employee_Record  **********
***********  Checking Content Length  ***********
Response Time is===>74
***********  Checking Content Encoding  ***********
Content Type is===>application/json;charset=utf-8
Response Body is===>{"status":"success","data":{"name":null,"salary":null,"age":null,"id":99}}
***********  Checking Response Time  ***********
Response Time is===>996
***********  Checking Server Type  ***********
Server Type is===>nginx/1.16.0
*********** Checking Status Code  ***********
Status Code is===>200
***********  Checking Status Line  ***********
Status Line is===>HTTP/1.1 200 OK
***********  Finished TC003_POST_Employee_Record  ***********
********  Started TC004_PUT_Employee_Record  **********
***********  Checking Content Length  ***********
Response Time is===>32
***********  Checking Content Encoding  ***********
Content Type is===>application/json;charset=utf-8
Response Body is===>{"status":"success","data":null}
***********  Checking Response Time  ***********
Response Time is===>1017
***********  Checking Server Type  ***********
Server Type is===>nginx/1.16.0
*********** Checking Status Code  ***********
Status Code is===>200
***********  Checking Status Line  ***********
Status Line is===>HTTP/1.1 200 OK
***********  Finished TC004_PUT_Employee_Record  ***********
********  Started TC001_Get_All_Employees  **********
***********  Checking Content Encoding  ***********
Content Encoding is===>gzip
***********  Checking Content Length  ***********
Response Time is===>595
***********  Checking Content Encoding  ***********
Content Type is===>application/json;charset=utf-8
***********  Checking Cookies  ***********
Response Body is===>{"status":"success","data":[{"id":"1","employee_name":"Tiger Nixon","employee_salary":"320800","employee_age":"61","profile_image":""},{"id":"2","employee_name":"Garrett Winters","employee_salary":"170750","employee_age":"63","profile_image":""},{"id":"3","employee_name":"Ashton Cox","employee_salary":"86000","employee_age":"66","profile_image":""},{"id":"4","employee_name":"Cedric Kelly","employee_salary":"433060","employee_age":"22","profile_image":""},{"id":"5","employee_name":"Airi Satou","employee_salary":"162700","employee_age":"33","profile_image":""},{"id":"6","employee_name":"Brielle Williamson","employee_salary":"372000","employee_age":"61","profile_image":""},{"id":"7","employee_name":"Herrod Chandler","employee_salary":"137500","employee_age":"59","profile_image":""},{"id":"8","employee_name":"Rhona Davidson","employee_salary":"327900","employee_age":"55","profile_image":""},{"id":"9","employee_name":"Colleen Hurst","employee_salary":"205500","employee_age":"39","profile_image":""},{"id":"10","employee_name":"Sonya Frost","employee_salary":"103600","employee_age":"23","profile_image":""},{"id":"11","employee_name":"Jena Gaines","employee_salary":"90560","employee_age":"30","profile_image":""},{"id":"12","employee_name":"Quinn Flynn","employee_salary":"342000","employee_age":"22","profile_image":""},{"id":"13","employee_name":"Charde Marshall","employee_salary":"470600","employee_age":"36","profile_image":""},{"id":"14","employee_name":"Haley Kennedy","employee_salary":"313500","employee_age":"43","profile_image":""},{"id":"15","employee_name":"Tatyana Fitzpatrick","employee_salary":"385750","employee_age":"19","profile_image":""},{"id":"16","employee_name":"Michael Silva","employee_salary":"198500","employee_age":"66","profile_image":""},{"id":"17","employee_name":"Paul Byrd","employee_salary":"725000","employee_age":"64","profile_image":""},{"id":"18","employee_name":"Gloria Little","employee_salary":"237500","employee_age":"59","profile_image":""},{"id":"19","employee_name":"Bradley Greer","employee_salary":"132000","employee_age":"41","profile_image":""},{"id":"20","employee_name":"Dai Rios","employee_salary":"217500","employee_age":"35","profile_image":""},{"id":"21","employee_name":"Jenette Caldwell","employee_salary":"345000","employee_age":"30","profile_image":""},{"id":"22","employee_name":"Yuri Berry","employee_salary":"675000","employee_age":"40","profile_image":""},{"id":"23","employee_name":"Caesar Vance","employee_salary":"106450","employee_age":"21","profile_image":""},{"id":"24","employee_name":"Doris Wilder","employee_salary":"85600","employee_age":"23","profile_image":""}]}
***********  Checking Response Time  ***********
Response Time is===>1718
***********  Checking Server Type  ***********
Server Type is===>nginx/1.16.0
*********** Checking Status Code  ***********
Status Code is===>200
***********  Checking Status Line  ***********
Status Line is===>HTTP/1.1 200 OK
***********  Finished TC001_Get_All_Employees  ***********
********  Started TC003_POST_Employee_Record  **********
***********  Checking Content Length  ***********
Response Time is===>74
***********  Checking Content Encoding  ***********
Content Type is===>application/json;charset=utf-8
Response Body is===>{"status":"success","data":{"name":null,"salary":null,"age":null,"id":77}}
***********  Checking Response Time  ***********
Response Time is===>976
***********  Checking Server Type  ***********
Server Type is===>nginx/1.16.0
*********** Checking Status Code  ***********
Status Code is===>200
***********  Checking Status Line  ***********
Status Line is===>HTTP/1.1 200 OK
***********  Finished TC003_POST_Employee_Record  ***********
********  Started TC004_PUT_Employee_Record  **********
***********  Checking Content Length  ***********
Response Time is===>32
***********  Checking Content Encoding  ***********
Content Type is===>application/json;charset=utf-8
Response Body is===>{"status":"success","data":null}
***********  Checking Response Time  ***********
Response Time is===>928
***********  Checking Server Type  ***********
Server Type is===>nginx/1.16.0
*********** Checking Status Code  ***********
Status Code is===>200
***********  Checking Status Line  ***********
Status Line is===>HTTP/1.1 200 OK
***********  Finished TC004_PUT_Employee_Record  ***********
********  Started TC001_Get_All_Employees  **********
***********  Checking Content Encoding  ***********
Content Encoding is===>gzip
***********  Checking Content Length  ***********
Response Time is===>595
***********  Checking Content Encoding  ***********
Content Type is===>application/json;charset=utf-8
***********  Checking Cookies  ***********
Response Body is===>{"status":"success","data":[{"id":"1","employee_name":"Tiger Nixon","employee_salary":"320800","employee_age":"61","profile_image":""},{"id":"2","employee_name":"Garrett Winters","employee_salary":"170750","employee_age":"63","profile_image":""},{"id":"3","employee_name":"Ashton Cox","employee_salary":"86000","employee_age":"66","profile_image":""},{"id":"4","employee_name":"Cedric Kelly","employee_salary":"433060","employee_age":"22","profile_image":""},{"id":"5","employee_name":"Airi Satou","employee_salary":"162700","employee_age":"33","profile_image":""},{"id":"6","employee_name":"Brielle Williamson","employee_salary":"372000","employee_age":"61","profile_image":""},{"id":"7","employee_name":"Herrod Chandler","employee_salary":"137500","employee_age":"59","profile_image":""},{"id":"8","employee_name":"Rhona Davidson","employee_salary":"327900","employee_age":"55","profile_image":""},{"id":"9","employee_name":"Colleen Hurst","employee_salary":"205500","employee_age":"39","profile_image":""},{"id":"10","employee_name":"Sonya Frost","employee_salary":"103600","employee_age":"23","profile_image":""},{"id":"11","employee_name":"Jena Gaines","employee_salary":"90560","employee_age":"30","profile_image":""},{"id":"12","employee_name":"Quinn Flynn","employee_salary":"342000","employee_age":"22","profile_image":""},{"id":"13","employee_name":"Charde Marshall","employee_salary":"470600","employee_age":"36","profile_image":""},{"id":"14","employee_name":"Haley Kennedy","employee_salary":"313500","employee_age":"43","profile_image":""},{"id":"15","employee_name":"Tatyana Fitzpatrick","employee_salary":"385750","employee_age":"19","profile_image":""},{"id":"16","employee_name":"Michael Silva","employee_salary":"198500","employee_age":"66","profile_image":""},{"id":"17","employee_name":"Paul Byrd","employee_salary":"725000","employee_age":"64","profile_image":""},{"id":"18","employee_name":"Gloria Little","employee_salary":"237500","employee_age":"59","profile_image":""},{"id":"19","employee_name":"Bradley Greer","employee_salary":"132000","employee_age":"41","profile_image":""},{"id":"20","employee_name":"Dai Rios","employee_salary":"217500","employee_age":"35","profile_image":""},{"id":"21","employee_name":"Jenette Caldwell","employee_salary":"345000","employee_age":"30","profile_image":""},{"id":"22","employee_name":"Yuri Berry","employee_salary":"675000","employee_age":"40","profile_image":""},{"id":"23","employee_name":"Caesar Vance","employee_salary":"106450","employee_age":"21","profile_image":""},{"id":"24","employee_name":"Doris Wilder","employee_salary":"85600","employee_age":"23","profile_image":""}]}
***********  Checking Response Time  ***********
Response Time is===>1217
***********  Checking Server Type  ***********
Server Type is===>nginx/1.16.0
*********** Checking Status Code  ***********
Status Code is===>200
***********  Checking Status Line  ***********
Status Line is===>HTTP/1.1 200 OK
***********  Finished TC001_Get_All_Employees  ***********
********  Started TC003_POST_Employee_Record  **********
***********  Checking Content Length  ***********
Response Time is===>74
***********  Checking Content Encoding  ***********
Content Type is===>application/json;charset=utf-8
Response Body is===>{"status":"success","data":{"name":null,"salary":null,"age":null,"id":61}}
***********  Checking Response Time  ***********
Response Time is===>902
***********  Checking Server Type  ***********
Server Type is===>nginx/1.16.0
*********** Checking Status Code  ***********
Status Code is===>200
***********  Checking Status Line  ***********
Status Line is===>HTTP/1.1 200 OK
***********  Finished TC003_POST_Employee_Record  ***********
********  Started TC004_PUT_Employee_Record  **********
***********  Checking Content Length  ***********
Response Time is===>32
***********  Checking Content Encoding  ***********
Content Type is===>application/json;charset=utf-8
Response Body is===>{"status":"success","data":null}
***********  Checking Response Time  ***********
Response Time is===>874
***********  Checking Server Type  ***********
Server Type is===>nginx/1.16.0
*********** Checking Status Code  ***********
Status Code is===>200
***********  Checking Status Line  ***********
Status Line is===>HTTP/1.1 200 OK
***********  Finished TC004_PUT_Employee_Record  ***********
********  Started TC001_Get_All_Employees  **********
***********  Checking Content Encoding  ***********
Content Encoding is===>gzip
***********  Checking Content Length  ***********
Response Time is===>595
***********  Checking Content Encoding  ***********
Content Type is===>application/json;charset=utf-8
***********  Checking Cookies  ***********
Response Body is===>{"status":"success","data":[{"id":"1","employee_name":"Tiger Nixon","employee_salary":"320800","employee_age":"61","profile_image":""},{"id":"2","employee_name":"Garrett Winters","employee_salary":"170750","employee_age":"63","profile_image":""},{"id":"3","employee_name":"Ashton Cox","employee_salary":"86000","employee_age":"66","profile_image":""},{"id":"4","employee_name":"Cedric Kelly","employee_salary":"433060","employee_age":"22","profile_image":""},{"id":"5","employee_name":"Airi Satou","employee_salary":"162700","employee_age":"33","profile_image":""},{"id":"6","employee_name":"Brielle Williamson","employee_salary":"372000","employee_age":"61","profile_image":""},{"id":"7","employee_name":"Herrod Chandler","employee_salary":"137500","employee_age":"59","profile_image":""},{"id":"8","employee_name":"Rhona Davidson","employee_salary":"327900","employee_age":"55","profile_image":""},{"id":"9","employee_name":"Colleen Hurst","employee_salary":"205500","employee_age":"39","profile_image":""},{"id":"10","employee_name":"Sonya Frost","employee_salary":"103600","employee_age":"23","profile_image":""},{"id":"11","employee_name":"Jena Gaines","employee_salary":"90560","employee_age":"30","profile_image":""},{"id":"12","employee_name":"Quinn Flynn","employee_salary":"342000","employee_age":"22","profile_image":""},{"id":"13","employee_name":"Charde Marshall","employee_salary":"470600","employee_age":"36","profile_image":""},{"id":"14","employee_name":"Haley Kennedy","employee_salary":"313500","employee_age":"43","profile_image":""},{"id":"15","employee_name":"Tatyana Fitzpatrick","employee_salary":"385750","employee_age":"19","profile_image":""},{"id":"16","employee_name":"Michael Silva","employee_salary":"198500","employee_age":"66","profile_image":""},{"id":"17","employee_name":"Paul Byrd","employee_salary":"725000","employee_age":"64","profile_image":""},{"id":"18","employee_name":"Gloria Little","employee_salary":"237500","employee_age":"59","profile_image":""},{"id":"19","employee_name":"Bradley Greer","employee_salary":"132000","employee_age":"41","profile_image":""},{"id":"20","employee_name":"Dai Rios","employee_salary":"217500","employee_age":"35","profile_image":""},{"id":"21","employee_name":"Jenette Caldwell","employee_salary":"345000","employee_age":"30","profile_image":""},{"id":"22","employee_name":"Yuri Berry","employee_salary":"675000","employee_age":"40","profile_image":""},{"id":"23","employee_name":"Caesar Vance","employee_salary":"106450","employee_age":"21","profile_image":""},{"id":"24","employee_name":"Doris Wilder","employee_salary":"85600","employee_age":"23","profile_image":""}]}
***********  Checking Response Time  ***********
Response Time is===>1275
***********  Checking Server Type  ***********
Server Type is===>nginx/1.16.0
*********** Checking Status Code  ***********
Status Code is===>200
***********  Checking Status Line  ***********
Status Line is===>HTTP/1.1 200 OK
***********  Finished TC001_Get_All_Employees  ***********
********  Started TC003_POST_Employee_Record  **********
***********  Checking Content Length  ***********
Response Time is===>74
***********  Checking Content Encoding  ***********
Content Type is===>application/json;charset=utf-8
Response Body is===>{"status":"success","data":{"name":null,"salary":null,"age":null,"id":64}}
***********  Checking Response Time  ***********
Response Time is===>1038
***********  Checking Server Type  ***********
Server Type is===>nginx/1.16.0
*********** Checking Status Code  ***********
Status Code is===>200
***********  Checking Status Line  ***********
Status Line is===>HTTP/1.1 200 OK
***********  Finished TC003_POST_Employee_Record  ***********
********  Started TC004_PUT_Employee_Record  **********
***********  Checking Content Length  ***********
Response Time is===>32
***********  Checking Content Encoding  ***********
Content Type is===>application/json;charset=utf-8
Response Body is===>{"status":"success","data":null}
***********  Checking Response Time  ***********
Response Time is===>951
***********  Checking Server Type  ***********
Server Type is===>nginx/1.16.0
*********** Checking Status Code  ***********
Status Code is===>200
***********  Checking Status Line  ***********
Status Line is===>HTTP/1.1 200 OK
***********  Finished TC004_PUT_Employee_Record  ***********
